<?xml version="1.0" encoding="UTF-8"?>
<!-- Generated by org.testng.reporters.JUnitReportReporter -->
<testsuite hostname="XE-GGN-IT-01460" failures="0" tests="1" name="TestNGTEst.ThreeWaits" time="0.013" errors="0" timestamp="2025-01-06T14:42:07 IST" skipped="0">
  <testcase classname="TestNGTEst.ThreeWaits" name="implicitwait" time="0.013"/>
  <system-out/>
</testsuite> <!-- TestNGTEst.ThreeWaits -->
