<?xml version="1.0" encoding="UTF-8"?>
<!-- Generated by org.testng.reporters.JUnitReportReporter -->
<testsuite hostname="XE-GGN-IT-01460" failures="0" tests="1" name="Selenium.FreeCrmTestHashMap" time="1.575" errors="0" timestamp="2024-12-24T16:52:29 IST" skipped="0">
  <testcase classname="Selenium.FreeCrmTestHashMap" name="loginTest" time="1.575"/>
  <system-out/>
</testsuite> <!-- Selenium.FreeCrmTestHashMap -->
