<?xml version="1.0" encoding="UTF-8"?>
<!-- Generated by org.testng.reporters.JUnitReportReporter -->
<testsuite hostname="XE-GGN-IT-01460" failures="0" tests="1" name="TestNGTEst.TestNGBasic" time="0.024" errors="0" timestamp="2024-12-05T23:49:21 IST" skipped="0">
  <testcase classname="TestNGTEst.TestNGBasic" name="test1" time="0.024"/>
  <system-out/>
</testsuite> <!-- TestNGTEst.TestNGBasic -->
