<?xml version="1.0" encoding="UTF-8"?>
<!-- Generated by org.testng.reporters.JUnitReportReporter -->
<testsuite hostname="XE-GGN-IT-01460" failures="0" tests="1" name="Selenium.VeriousFunctionsGlobalSQA" time="7.940" errors="0" timestamp="2025-01-06T18:26:56 IST" skipped="0">
  <testcase classname="Selenium.VeriousFunctionsGlobalSQA" name="FrameTest" time="7.940"/>
  <system-out/>
</testsuite> <!-- Selenium.VeriousFunctionsGlobalSQA -->
